0 verbose cli /data/data/com.termux/files/usr/bin/node /data/data/com.termux/files/usr/bin/npm
1 info using npm@11.6.0
2 info using node@v24.9.0
3 silly config load:file:/data/data/com.termux/files/usr/lib/node_modules/npm/npmrc
4 silly config load:file:/data/data/com.termux/files/home/.npmrc
5 silly config load:file:/data/data/com.termux/files/usr/etc/npmrc
6 verbose title npm run localazy:init
7 verbose argv "run" "localazy:init"
8 verbose logfile logs-max:10 dir:/data/data/com.termux/files/home/.npm/_logs/2025-11-16T21_04_50_611Z-
9 verbose logfile /data/data/com.termux/files/home/.npm/_logs/2025-11-16T21_04_50_611Z-debug-0.log
10 silly logfile done cleaning log files
11 verbose stack Error: Missing script: "localazy:init"
11 verbose stack
11 verbose stack To see a list of scripts, run:
11 verbose stack   npm run
11 verbose stack     at #run (/data/data/com.termux/files/usr/lib/node_modules/npm/lib/commands/run.js:115:13)
11 verbose stack     at async RunScript.exec (/data/data/com.termux/files/usr/lib/node_modules/npm/lib/commands/run.js:44:7)
11 verbose stack     at async Npm.exec (/data/data/com.termux/files/usr/lib/node_modules/npm/lib/npm.js:208:9)
11 verbose stack     at async module.exports (/data/data/com.termux/files/usr/lib/node_modules/npm/lib/cli/entry.js:60:5)
12 error Missing script: "localazy:init"
12 error
12 error To see a list of scripts, run:
12 error   npm run
13 verbose cwd /data/data/com.termux/files/home
14 verbose os Linux 4.14.190-perf-28693687-abA525FXXSCFYF1
15 verbose node v24.9.0
16 verbose npm  v11.6.0
17 verbose exit 1
18 verbose code 1
19 error A complete log of this run can be found in: /data/data/com.termux/files/home/.npm/_logs/2025-11-16T21_04_50_611Z-debug-0.log
