0 verbose cli /data/data/com.termux/files/usr/bin/node /data/data/com.termux/files/usr/lib/node_modules/npm/bin/npm-cli.js
1 info using npm@11.6.0
2 info using node@v24.9.0
3 silly config load:file:/data/data/com.termux/files/usr/lib/node_modules/npm/npmrc
4 silly config load:file:/data/data/com.termux/files/home/.npmrc
5 silly config load:file:/data/data/com.termux/files/usr/etc/npmrc
6 verbose title npm exec jsonlint ui-ar.json
7 verbose argv "exec" "--" "jsonlint" "ui-ar.json"
8 verbose logfile logs-max:10 dir:/data/data/com.termux/files/home/.npm/_logs/2025-11-17T02_38_14_428Z-
9 verbose logfile /data/data/com.termux/files/home/.npm/_logs/2025-11-17T02_38_14_428Z-debug-0.log
10 silly logfile start cleaning logs, removing 1 files
11 silly logfile done cleaning log files
12 silly packumentCache heap:1174405120 maxSize:293601280 maxEntrySize:146800640
13 http fetch GET 200 https://registry.npmjs.org/jsonlint 344ms (cache revalidated)
14 silly packumentCache heap:1174405120 maxSize:293601280 maxEntrySize:146800640
15 silly packumentCache heap:1174405120 maxSize:293601280 maxEntrySize:146800640
16 verbose cwd /data/data/com.termux/files/home/translations
17 verbose os Linux 4.14.190-perf-28693687-abA525FXXSCFYF1
18 verbose node v24.9.0
19 verbose npm  v11.6.0
20 verbose exit 0
21 info ok
